=> Booting Mongrel (use 'script/server webrick' to force WEBrick)
=> Rails 2.2.2 application starting on http://0.0.0.0:3000
=> Call with -d to detach
=> Ctrl-C to shutdown server
  [4;36;1mSQL (0.1ms)[0m   [0;1mSET NAMES 'utf8'[0m
  [4;35;1mSQL (0.0ms)[0m   [0mSET SQL_AUTO_IS_NULL=0[0m
RowsLogger plugin enables mysql
  [4;36;1mSQL (0.1ms)[0m   [0;1mSET NAMES 'utf8'[0m
  [4;35;1mSQL (0.0ms)[0m   [0mSET SQL_AUTO_IS_NULL=0[0m
RowsLogger plugin enables mysql
  [4;36;1mUser Columns (0.000875) (12 Rows)[0m   [0;1mSHOW FIELDS FROM `users`[0m
  [4;36;1mUser Columns (0.000839) (12 Rows)[0m   [0;1mSHOW FIELDS FROM `users`[0m
Exiting
Loaded suite ./script/server
Started

Finished in 0.103839 seconds.

[32m0 tests, 0 assertions, 0 failures, 0 errors[0m
=> Booting Mongrel (use 'script/server webrick' to force WEBrick)
=> Rails 2.2.2 application starting on http://0.0.0.0:3000
=> Call with -d to detach
=> Ctrl-C to shutdown server
  [4;36;1mSQL (0.1ms)[0m   [0;1mSET NAMES 'utf8'[0m
  [4;35;1mSQL (0.0ms)[0m   [0mSET SQL_AUTO_IS_NULL=0[0m
  [4;36;1mSQL (0.1ms)[0m   [0;1mSET NAMES 'utf8'[0m
  [4;35;1mSQL (0.0ms)[0m   [0mSET SQL_AUTO_IS_NULL=0[0m
RowsLogger plugin enables mysql
RowsLogger plugin enables mysql
Exiting
Loaded suite ./script/server
Started

Finished in 0.09358 seconds.

[32m0 tests, 0 assertions, 0 failures, 0 errors[0m
=> Booting Mongrel (use 'script/server webrick' to force WEBrick)
=> Rails 2.2.2 application starting on http://0.0.0.0:3000
=> Call with -d to detach
=> Ctrl-C to shutdown server
  [4;36;1mSQL (0.1ms)[0m   [0;1mSET NAMES 'utf8'[0m
  [4;35;1mSQL (0.0ms)[0m   [0mSET SQL_AUTO_IS_NULL=0[0m
  [4;36;1mSQL (0.1ms)[0m   [0;1mSET NAMES 'utf8'[0m
  [4;35;1mSQL (0.0ms)[0m   [0mSET SQL_AUTO_IS_NULL=0[0m
RowsLogger plugin enables mysql
RowsLogger plugin enables mysql
  [4;36;1mUser Columns (0.000862) (12 Rows)[0m   [0;1mSHOW FIELDS FROM `users`[0m
  [4;36;1mUser Columns (0.000846) (12 Rows)[0m   [0;1mSHOW FIELDS FROM `users`[0m
  [4;36;1mSQL (0.1ms)[0m   [0;1mSET NAMES 'utf8'[0m
  [4;35;1mSQL (0.0ms)[0m   [0mSET SQL_AUTO_IS_NULL=0[0m
RowsLogger plugin enables mysql
  [4;36;1mUser Columns (0.000658) (12 Rows)[0m   [0;1mSHOW FIELDS FROM `users`[0m
  [4;35;1mSQL (0.000177) (14 Rows)[0m   [0mSHOW TABLES[0m
  [4;36;1mSQL (0.151925) (4 Rows)[0m   [0;1mSELECT version FROM schema_migrations[0m
Migrating to CreateLovdByLess (1)
Migrating to CreateForums (2)
Migrating to AddProfileLastActivityAt (200810061001)
Migrating to MoveTimezoneToProfiles (2008100601002)
Migrating to CreateCompanies (20091018170237)
  [4;35;1mSQL (0.685135)[0m   [0mCREATE TABLE `companies` (`id` int(11) DEFAULT NULL auto_increment PRIMARY KEY, `name` varchar(255), `website` varchar(255), `description` text, `created_at` datetime, `updated_at` datetime) ENGINE=InnoDB[0m
  [4;36;1mSQL (0.099969)[0m   [0;1mINSERT INTO schema_migrations (version) VALUES ('20091018170237')[0m
  [4;35;1mSQL (0.000225) (15 Rows)[0m   [0mSHOW TABLES[0m
  [4;36;1mSQL (0.000104) (5 Rows)[0m   [0;1mSELECT version FROM schema_migrations[0m
  [4;35;1mSQL (0.000081) (15 Rows)[0m   [0mSHOW TABLES[0m
  [4;36;1mSQL (0.000450) (6 Rows)[0m   [0;1mSHOW FIELDS FROM `blogs`[0m
  [4;35;1mSQL (0.000235) (6 Rows)[0m   [0mdescribe `blogs`[0m
  [4;36;1mSQL (0.003379) (2 Rows)[0m   [0;1mSHOW KEYS FROM `blogs`[0m
  [4;35;1mSQL (0.000357) (9 Rows)[0m   [0mSHOW FIELDS FROM `comments`[0m
  [4;36;1mSQL (0.000278) (9 Rows)[0m   [0;1mdescribe `comments`[0m
  [4;35;1mSQL (0.015798) (4 Rows)[0m   [0mSHOW KEYS FROM `comments`[0m
  [4;36;1mSQL (0.000420) (6 Rows)[0m   [0;1mSHOW FIELDS FROM `companies`[0m
  [4;35;1mSQL (0.001134) (6 Rows)[0m   [0mdescribe `companies`[0m
  [4;36;1mSQL (0.000147) (1 Row)[0m   [0;1mSHOW KEYS FROM `companies`[0m
  [4;35;1mSQL (0.000352) (7 Rows)[0m   [0mSHOW FIELDS FROM `feed_items`[0m
  [4;36;1mSQL (0.000352) (7 Rows)[0m   [0;1mdescribe `feed_items`[0m
  [4;35;1mSQL (0.001343) (3 Rows)[0m   [0mSHOW KEYS FROM `feed_items`[0m
  [4;36;1mSQL (0.000251) (3 Rows)[0m   [0;1mSHOW FIELDS FROM `feeds`[0m
  [4;35;1mSQL (0.000239) (3 Rows)[0m   [0mdescribe `feeds`[0m
  [4;36;1mSQL (0.005246) (3 Rows)[0m   [0;1mSHOW KEYS FROM `feeds`[0m
  [4;35;1mSQL (0.000568) (6 Rows)[0m   [0mSHOW FIELDS FROM `forum_posts`[0m
  [4;36;1mSQL (0.000263) (6 Rows)[0m   [0;1mdescribe `forum_posts`[0m
  [4;35;1mSQL (0.210438) (2 Rows)[0m   [0mSHOW KEYS FROM `forum_posts`[0m
  [4;36;1mSQL (0.001737) (6 Rows)[0m   [0;1mSHOW FIELDS FROM `forum_topics`[0m
  [4;35;1mSQL (0.000244) (6 Rows)[0m   [0mdescribe `forum_topics`[0m
  [4;36;1mSQL (0.025648) (2 Rows)[0m   [0;1mSHOW KEYS FROM `forum_topics`[0m
  [4;35;1mSQL (0.000333) (6 Rows)[0m   [0mSHOW FIELDS FROM `forums`[0m
  [4;36;1mSQL (0.000245) (6 Rows)[0m   [0;1mdescribe `forums`[0m
  [4;35;1mSQL (0.001142) (1 Row)[0m   [0mSHOW KEYS FROM `forums`[0m
  [4;36;1mSQL (0.000331) (6 Rows)[0m   [0;1mSHOW FIELDS FROM `friends`[0m
  [4;35;1mSQL (0.000296) (6 Rows)[0m   [0mdescribe `friends`[0m
  [4;36;1mSQL (0.001132) (5 Rows)[0m   [0;1mSHOW KEYS FROM `friends`[0m
  [4;35;1mSQL (0.000339) (8 Rows)[0m   [0mSHOW FIELDS FROM `messages`[0m
  [4;36;1mSQL (0.000321) (8 Rows)[0m   [0;1mdescribe `messages`[0m
  [4;35;1mSQL (0.006016) (3 Rows)[0m   [0mSHOW KEYS FROM `messages`[0m
  [4;36;1mSQL (0.000327) (6 Rows)[0m   [0;1mSHOW FIELDS FROM `photos`[0m
  [4;35;1mSQL (0.000288) (6 Rows)[0m   [0mdescribe `photos`[0m
  [4;36;1mSQL (0.000146) (2 Rows)[0m   [0;1mSHOW KEYS FROM `photos`[0m
  [4;35;1mSQL (0.000570) (21 Rows)[0m   [0mSHOW FIELDS FROM `profiles`[0m
  [4;36;1mSQL (0.000534) (21 Rows)[0m   [0;1mdescribe `profiles`[0m
  [4;35;1mSQL (0.079126) (2 Rows)[0m   [0mSHOW KEYS FROM `profiles`[0m
  [4;36;1mSQL (0.000859) (4 Rows)[0m   [0;1mSHOW FIELDS FROM `sessions`[0m
  [4;35;1mSQL (0.000213) (4 Rows)[0m   [0mdescribe `sessions`[0m
  [4;36;1mSQL (0.000153) (3 Rows)[0m   [0;1mSHOW KEYS FROM `sessions`[0m
  [4;35;1mSQL (0.000351) (12 Rows)[0m   [0mSHOW FIELDS FROM `users`[0m
  [4;36;1mSQL (0.000398) (12 Rows)[0m   [0;1mdescribe `users`[0m
  [4;35;1mSQL (0.006980) (2 Rows)[0m   [0mSHOW KEYS FROM `users`[0m


Processing CompaniesController#index (for 144.118.151.52 at 2009-10-18 10:21:37) [GET]
  Session ID: d07d57f6290448cb40eb893abd657fd1
  Parameters: {"action"=>"index", "controller"=>"companies"}
  [4;35;1mUser Load (0.000146) (1 Row)[0m   [0mSELECT * FROM `users` WHERE (`users`.`id` = 2) LIMIT 1[0m
  [4;36;1mProfile Load (0.000152) (1 Row)[0m   [0;1mSELECT * FROM `profiles` WHERE (`profiles`.user_id = 2) LIMIT 1[0m
  [4;35;1mProfile Columns (0.000528) (21 Rows)[0m   [0mSHOW FIELDS FROM `profiles`[0m
  [4;36;1mSQL (0.000031)[0m   [0;1mBEGIN[0m
  [4;35;1mProfile Update (0.000121)[0m   [0mUPDATE `profiles` SET `updated_at` = '2009-10-18 17:21:37', `last_activity_at` = '2009-10-18 17:21:37' WHERE `id` = 2[0m
  [4;36;1mSQL (0.003086)[0m   [0;1mCOMMIT[0m
IN check_permissions :: @level => [[:all, {:all=>true}]]
  [4;35;1mCompany Load (0.000107) (0 Rows)[0m   [0mSELECT * FROM `companies` [0m
Rendering template within layouts/companies
Rendering companies/index
Completed in 175ms (View: 137, DB: 4) | 200 OK [http://phillystartupleaders.org/companies]
  [4;36;1mSQL (0.000093)[0m   [0;1mSET NAMES 'utf8'[0m
  [4;35;1mSQL (0.000042)[0m   [0mSET SQL_AUTO_IS_NULL=0[0m
  [4;36;1mUser Columns (0.000693) (12 Rows)[0m   [0;1mSHOW FIELDS FROM `users`[0m


Processing CompaniesController#new (for 144.118.151.52 at 2009-10-18 10:21:45) [GET]
  Session ID: d07d57f6290448cb40eb893abd657fd1
  Parameters: {"action"=>"new", "controller"=>"companies"}
  [4;35;1mUser Load (0.000100) (1 Row)[0m   [0mSELECT * FROM `users` WHERE (`users`.`id` = 2) LIMIT 1[0m
  [4;36;1mProfile Load (0.000152) (1 Row)[0m   [0;1mSELECT * FROM `profiles` WHERE (`profiles`.user_id = 2) LIMIT 1[0m
  [4;35;1mProfile Columns (0.000511) (21 Rows)[0m   [0mSHOW FIELDS FROM `profiles`[0m
  [4;36;1mSQL (0.000030)[0m   [0;1mBEGIN[0m
  [4;35;1mProfile Update (0.000111)[0m   [0mUPDATE `profiles` SET `updated_at` = '2009-10-18 17:21:45', `last_activity_at` = '2009-10-18 17:21:45' WHERE `id` = 2[0m
  [4;36;1mSQL (0.105825)[0m   [0;1mCOMMIT[0m
IN check_permissions :: @level => [[:all, {:all=>true}]]
  [4;35;1mCompany Columns (0.000362) (6 Rows)[0m   [0mSHOW FIELDS FROM `companies`[0m
Rendering template within layouts/companies
Rendering companies/new
Completed in 315ms (View: 109, DB: 108) | 200 OK [http://phillystartupleaders.org/companies/new]
  [4;36;1mSQL (0.000058)[0m   [0;1mSET NAMES 'utf8'[0m
  [4;35;1mSQL (0.000040)[0m   [0mSET SQL_AUTO_IS_NULL=0[0m
  [4;36;1mUser Columns (0.000645) (12 Rows)[0m   [0;1mSHOW FIELDS FROM `users`[0m


Processing CompaniesController#create (for 144.118.151.52 at 2009-10-18 10:24:57) [POST]
  Session ID: d07d57f6290448cb40eb893abd657fd1
  Parameters: {"company"=>{"name"=>"Vuzit", "website"=>"http://vuzit.com", "description"=>"Vuzit is a Philadelphia-based software company that is addressing the need for a universal, yet enterprise-level, method for sharing, viewing and controlling documents, images and other sensitive content on the web. To that end, the company seeks to build well-designed products of the highest quality using innovative technologies. Vuzit's flagship product is its Vuzit DocuPub Platform, which enables universal electronic document sharing, distribution control, and document auditing and statistics. Architecturally, the Vuzit DocuPub Platform is a Software-as-a-Service (SaaS) system. It utilizes web services and AJAX technology to create a best of breed platform. The first production version of Vuzit's Platform was launched in January 2008. "}, "commit"=>"Create", "action"=>"create", "controller"=>"companies"}
  [4;35;1mUser Load (0.000101) (1 Row)[0m   [0mSELECT * FROM `users` WHERE (`users`.`id` = 2) LIMIT 1[0m
  [4;36;1mProfile Load (0.000151) (1 Row)[0m   [0;1mSELECT * FROM `profiles` WHERE (`profiles`.user_id = 2) LIMIT 1[0m
  [4;35;1mProfile Columns (0.000535) (21 Rows)[0m   [0mSHOW FIELDS FROM `profiles`[0m
  [4;36;1mSQL (0.000034)[0m   [0;1mBEGIN[0m
  [4;35;1mProfile Update (0.000109)[0m   [0mUPDATE `profiles` SET `updated_at` = '2009-10-18 17:24:57', `last_activity_at` = '2009-10-18 17:24:57' WHERE `id` = 2[0m
  [4;36;1mSQL (0.120756)[0m   [0;1mCOMMIT[0m
IN check_permissions :: @level => [[:all, {:all=>true}]]
  [4;35;1mCompany Columns (0.000345) (6 Rows)[0m   [0mSHOW FIELDS FROM `companies`[0m
  [4;36;1mSQL (0.000029)[0m   [0;1mBEGIN[0m
  [4;35;1mCompany Create (0.000129)[0m   [0mINSERT INTO `companies` (`name`, `created_at`, `updated_at`, `website`, `description`) VALUES('Vuzit', '2009-10-18 17:24:57', '2009-10-18 17:24:57', 'http://vuzit.com', 'Vuzit is a Philadelphia-based software company that is addressing the need for a universal, yet enterprise-level, method for sharing, viewing and controlling documents, images and other sensitive content on the web. To that end, the company seeks to build well-designed products of the highest quality using innovative technologies. Vuzit\'s flagship product is its Vuzit DocuPub Platform, which enables universal electronic document sharing, distribution control, and document auditing and statistics. Architecturally, the Vuzit DocuPub Platform is a Software-as-a-Service (SaaS) system. It utilizes web services and AJAX technology to create a best of breed platform. The first production version of Vuzit\'s Platform was launched in January 2008. ')[0m
  [4;36;1mSQL (0.118361)[0m   [0;1mCOMMIT[0m
Redirected to #<Company:0x2b46f453e718>
Completed in 253ms (DB: 241) | 302 Found [http://phillystartupleaders.org/companies]
  [4;35;1mSQL (0.000037)[0m   [0mSET NAMES 'utf8'[0m
  [4;36;1mSQL (0.000032)[0m   [0;1mSET SQL_AUTO_IS_NULL=0[0m
  [4;35;1mUser Columns (0.000420) (12 Rows)[0m   [0mSHOW FIELDS FROM `users`[0m


Processing CompaniesController#show (for 144.118.151.52 at 2009-10-18 10:24:58) [GET]
  Session ID: d07d57f6290448cb40eb893abd657fd1
  Parameters: {"action"=>"show", "id"=>"1", "controller"=>"companies"}
  [4;36;1mUser Load (0.000087) (1 Row)[0m   [0;1mSELECT * FROM `users` WHERE (`users`.`id` = 2) LIMIT 1[0m
  [4;35;1mProfile Load (0.000100) (1 Row)[0m   [0mSELECT * FROM `profiles` WHERE (`profiles`.user_id = 2) LIMIT 1[0m
  [4;36;1mProfile Columns (0.000493) (21 Rows)[0m   [0;1mSHOW FIELDS FROM `profiles`[0m
  [4;35;1mSQL (0.000026)[0m   [0mBEGIN[0m
  [4;36;1mProfile Update (0.000100)[0m   [0;1mUPDATE `profiles` SET `updated_at` = '2009-10-18 17:24:58', `last_activity_at` = '2009-10-18 17:24:58' WHERE `id` = 2[0m
  [4;35;1mSQL (0.171542)[0m   [0mCOMMIT[0m
IN check_permissions :: @level => [[:all, {:all=>true}]]
  [4;36;1mCompany Columns (0.000274) (6 Rows)[0m   [0;1mSHOW FIELDS FROM `companies`[0m
  [4;35;1mCompany Load (0.000082) (1 Row)[0m   [0mSELECT * FROM `companies` WHERE (`companies`.`id` = 1) [0m
Rendering template within layouts/companies
Rendering companies/show
Completed in 216ms (View: 27, DB: 173) | 200 OK [http://phillystartupleaders.org/companies/1]
  [4;36;1mSQL (0.000063)[0m   [0;1mSET NAMES 'utf8'[0m
  [4;35;1mSQL (0.000037)[0m   [0mSET SQL_AUTO_IS_NULL=0[0m
  [4;36;1mUser Columns (0.000647) (12 Rows)[0m   [0;1mSHOW FIELDS FROM `users`[0m


Processing CompaniesController#index (for 144.118.151.52 at 2009-10-18 10:25:07) [GET]
  Session ID: d07d57f6290448cb40eb893abd657fd1
  Parameters: {"action"=>"index", "controller"=>"companies"}
  [4;35;1mUser Load (0.000134) (1 Row)[0m   [0mSELECT * FROM `users` WHERE (`users`.`id` = 2) LIMIT 1[0m
  [4;36;1mProfile Load (0.000152) (1 Row)[0m   [0;1mSELECT * FROM `profiles` WHERE (`profiles`.user_id = 2) LIMIT 1[0m
  [4;35;1mProfile Columns (0.000609) (21 Rows)[0m   [0mSHOW FIELDS FROM `profiles`[0m
  [4;36;1mSQL (0.000028)[0m   [0;1mBEGIN[0m
  [4;35;1mProfile Update (0.000109)[0m   [0mUPDATE `profiles` SET `updated_at` = '2009-10-18 17:25:07', `last_activity_at` = '2009-10-18 17:25:07' WHERE `id` = 2[0m
  [4;36;1mSQL (0.004359)[0m   [0;1mCOMMIT[0m
IN check_permissions :: @level => [[:all, {:all=>true}]]
  [4;35;1mCompany Load (0.000128) (1 Row)[0m   [0mSELECT * FROM `companies` [0m
Rendering template within layouts/companies
Rendering companies/index
  [4;36;1mCompany Columns (0.000263) (6 Rows)[0m   [0;1mSHOW FIELDS FROM `companies`[0m
Completed in 28ms (View: 3, DB: 7) | 200 OK [http://phillystartupleaders.org/companies]
  [4;36;1mSQL (0.1ms)[0m   [0;1mSET NAMES 'utf8'[0m
  [4;35;1mSQL (0.0ms)[0m   [0mSET SQL_AUTO_IS_NULL=0[0m
RowsLogger plugin enables mysql
Exiting
Loaded suite script/server
Started

Finished in 0.000129 seconds.

[32m0 tests, 0 assertions, 0 failures, 0 errors[0m
=> Booting Mongrel (use 'script/server webrick' to force WEBrick)
=> Rails 2.2.2 application starting on http://0.0.0.0:3000
=> Call with -d to detach
=> Ctrl-C to shutdown server
  [4;36;1mSQL (0.1ms)[0m   [0;1mSET NAMES 'utf8'[0m
  [4;35;1mSQL (0.0ms)[0m   [0mSET SQL_AUTO_IS_NULL=0[0m
RowsLogger plugin enables mysql
  [4;36;1mSQL (0.1ms)[0m   [0;1mSET NAMES 'utf8'[0m
  [4;35;1mSQL (0.0ms)[0m   [0mSET SQL_AUTO_IS_NULL=0[0m
RowsLogger plugin enables mysql
  [4;36;1mUser Columns (0.000644) (12 Rows)[0m   [0;1mSHOW FIELDS FROM `users`[0m
  [4;36;1mUser Columns (0.000455) (12 Rows)[0m   [0;1mSHOW FIELDS FROM `users`[0m
Exiting
Loaded suite script/server
Started

Finished in 0.08856 seconds.

[32m0 tests, 0 assertions, 0 failures, 0 errors[0m
=> Booting Mongrel (use 'script/server webrick' to force WEBrick)
=> Rails 2.2.2 application starting on http://0.0.0.0:3000
=> Call with -d to detach
=> Ctrl-C to shutdown server
  [4;36;1mSQL (0.1ms)[0m   [0;1mSET NAMES 'utf8'[0m
  [4;35;1mSQL (0.0ms)[0m   [0mSET SQL_AUTO_IS_NULL=0[0m
RowsLogger plugin enables mysql
  [4;36;1mSQL (0.1ms)[0m   [0;1mSET NAMES 'utf8'[0m
  [4;35;1mSQL (0.0ms)[0m   [0mSET SQL_AUTO_IS_NULL=0[0m
RowsLogger plugin enables mysql
Exiting
Loaded suite script/server
Started

Finished in 0.000146 seconds.

[32m0 tests, 0 assertions, 0 failures, 0 errors[0m
